<?xml version="1.0" encoding="UTF-8" standalone="yes"?><!DOCTYPE report PUBLIC "-//JACOCO//DTD Report 1.1//EN" "report.dtd"><report name="Docs Core"><sessioninfo id="LAPTOP-9F4AJSOC-2ba7ba5a" start="1778297423061" dump="1778297458519"/><sessioninfo id="LAPTOP-9F4AJSOC-4dbbae98" start="1778297466128" dump="1778297511988"/><sessioninfo id="LAPTOP-9F4AJSOC-630d7ed7" start="1778297520850" dump="1778297552412"/><sessioninfo id="LAPTOP-9F4AJSOC-1c611150" start="1778297559834" dump="1778297562415"/><sessioninfo id="LAPTOP-9F4AJSOC-dcdbe153" start="1778297563409" dump="1778297624089"/><sessioninfo id="LAPTOP-9F4AJSOC-538b6437" start="1778297636983" dump="1778297657866"/><sessioninfo id="LAPTOP-9F4AJSOC-7135e46f" start="1778297661302" dump="1778297662524"/><sessioninfo id="LAPTOP-9F4AJSOC-ae96c1ce" start="1778297663137" dump="1778297664363"/><sessioninfo id="LAPTOP-9F4AJSOC-5c409eea" start="1778297665004" dump="1778297666315"/><sessioninfo id="LAPTOP-9F4AJSOC-1cba710d" start="1778297666964" dump="1778297668177"/><sessioninfo id="LAPTOP-9F4AJSOC-263339b9" start="1778297668832" dump="1778297670056"/><sessioninfo id="LAPTOP-9F4AJSOC-6becc290" start="1778297670691" dump="1778297671891"/></report>